<?xml version="1.0" encoding="UTF-8"?>
<!-- Generated by org.testng.reporters.JUnitReportReporter -->
<testsuite hostname="RAJA-PC" name="testcases.NewTest" tests="1" failures="0" timestamp="22 May 2016 06:41:27 GMT" time="0.044" errors="0">
  <testcase name="f" time="0.044" classname="testcases.NewTest"/>
</testsuite> <!-- testcases.NewTest -->
